2023-01-18 09:30:59.753 +11:00 [INF] Application started. Press Ctrl+C to shut down.
2023-01-18 09:31:00.690 +11:00 [INF] Hosting environment: Development
2023-01-18 09:31:00.695 +11:00 [INF] Content root path: C:\temp\GitHubUsersCaptialTransportByJiahuaTong\
2023-01-18 09:33:28.287 +11:00 [INF] Application started. Press Ctrl+C to shut down.
2023-01-18 09:33:28.347 +11:00 [INF] Hosting environment: Development
2023-01-18 09:33:28.351 +11:00 [INF] Content root path: C:\temp\GitHubUsersCaptialTransportByJiahuaTong\
2023-01-18 09:34:37.764 +11:00 [INF] Application started. Press Ctrl+C to shut down.
2023-01-18 09:34:37.834 +11:00 [INF] Hosting environment: Development
2023-01-18 09:34:37.839 +11:00 [INF] Content root path: C:\temp\GitHubUsersCaptialTransportByJiahuaTong\
2023-01-18 09:36:14.344 +11:00 [INF] Application started. Press Ctrl+C to shut down.
2023-01-18 09:36:14.412 +11:00 [INF] Hosting environment: Development
2023-01-18 09:36:14.416 +11:00 [INF] Content root path: C:\temp\GitHubUsersCaptialTransportByJiahuaTong\
2023-01-18 09:44:05.512 +11:00 [INF] Application started. Press Ctrl+C to shut down.
2023-01-18 09:44:05.578 +11:00 [INF] Hosting environment: Development
2023-01-18 09:44:05.582 +11:00 [INF] Content root path: C:\temp\GitHubUsersCaptialTransportByJiahuaTong\
2023-01-18 10:04:40.970 +11:00 [INF] Application started. Press Ctrl+C to shut down.
2023-01-18 10:04:41.018 +11:00 [INF] Hosting environment: Development
2023-01-18 10:04:41.021 +11:00 [INF] Content root path: C:\temp\GitHubUsersCaptialTransportByJiahuaTong\
2023-01-18 10:08:14.205 +11:00 [INF] Application started. Press Ctrl+C to shut down.
2023-01-18 10:08:14.282 +11:00 [INF] Hosting environment: Development
2023-01-18 10:08:14.286 +11:00 [INF] Content root path: C:\temp\GitHubUsersCaptialTransportByJiahuaTong\
2023-01-18 10:11:07.597 +11:00 [INF] Application started. Press Ctrl+C to shut down.
2023-01-18 10:11:07.645 +11:00 [INF] Hosting environment: Development
2023-01-18 10:11:07.648 +11:00 [INF] Content root path: C:\temp\GitHubUsersCaptialTransportByJiahuaTong\
2023-01-18 10:11:58.899 +11:00 [INF] Application started. Press Ctrl+C to shut down.
2023-01-18 10:11:58.948 +11:00 [INF] Hosting environment: Development
2023-01-18 10:11:58.951 +11:00 [INF] Content root path: C:\temp\GitHubUsersCaptialTransportByJiahuaTong\
2023-01-18 10:14:04.933 +11:00 [INF] Application started. Press Ctrl+C to shut down.
2023-01-18 10:14:05.032 +11:00 [INF] Hosting environment: Development
2023-01-18 10:14:05.035 +11:00 [INF] Content root path: C:\temp\GitHubUsersCaptialTransportByJiahuaTong\
2023-01-18 10:15:16.915 +11:00 [INF] Application started. Press Ctrl+C to shut down.
2023-01-18 10:15:16.959 +11:00 [INF] Hosting environment: Development
2023-01-18 10:15:16.962 +11:00 [INF] Content root path: C:\temp\GitHubUsersCaptialTransportByJiahuaTong\
2023-01-18 10:22:59.836 +11:00 [INF] Application started. Press Ctrl+C to shut down.
2023-01-18 10:22:59.885 +11:00 [INF] Hosting environment: Development
2023-01-18 10:22:59.888 +11:00 [INF] Content root path: C:\temp\GitHubUsersCaptialTransportByJiahuaTong\
2023-01-18 10:25:46.879 +11:00 [INF] Application started. Press Ctrl+C to shut down.
2023-01-18 10:25:46.923 +11:00 [INF] Hosting environment: Development
2023-01-18 10:25:46.925 +11:00 [INF] Content root path: C:\temp\GitHubUsersCaptialTransportByJiahuaTong\
2023-01-18 10:51:16.542 +11:00 [INF] Application started. Press Ctrl+C to shut down.
2023-01-18 10:51:16.587 +11:00 [INF] Hosting environment: Development
2023-01-18 10:51:16.589 +11:00 [INF] Content root path: C:\temp\GitHubUsersCaptialTransportByJiahuaTong\
2023-01-18 10:52:51.021 +11:00 [INF] Application started. Press Ctrl+C to shut down.
2023-01-18 10:52:51.072 +11:00 [INF] Hosting environment: Development
2023-01-18 10:52:51.075 +11:00 [INF] Content root path: C:\temp\GitHubUsersCaptialTransportByJiahuaTong\
2023-01-18 10:57:11.761 +11:00 [INF] Application started. Press Ctrl+C to shut down.
2023-01-18 10:57:11.811 +11:00 [INF] Hosting environment: Development
2023-01-18 10:57:11.813 +11:00 [INF] Content root path: C:\temp\GitHubUsersCaptialTransportByJiahuaTong\
2023-01-18 10:57:46.896 +11:00 [INF] Start processing HTTP request GET "https://api.github.com/users/tong"
2023-01-18 10:57:46.901 +11:00 [INF] Sending HTTP request GET "https://api.github.com/users/tong"
2023-01-18 10:57:47.369 +11:00 [INF] Received HTTP response headers after 449.5803ms - 403
2023-01-18 10:57:47.373 +11:00 [INF] End processing HTTP request after 494.7696ms - 403
2023-01-18 11:00:31.374 +11:00 [INF] Application started. Press Ctrl+C to shut down.
2023-01-18 11:00:31.421 +11:00 [INF] Hosting environment: Development
2023-01-18 11:00:31.423 +11:00 [INF] Content root path: C:\temp\GitHubUsersCaptialTransportByJiahuaTong\
2023-01-18 11:45:21.339 +11:00 [INF] Application started. Press Ctrl+C to shut down.
2023-01-18 11:45:21.382 +11:00 [INF] Hosting environment: Development
2023-01-18 11:45:21.384 +11:00 [INF] Content root path: C:\temp\GitHubUsersCaptialTransportByJiahuaTong\
2023-01-18 11:53:33.449 +11:00 [INF] Application started. Press Ctrl+C to shut down.
2023-01-18 11:53:33.489 +11:00 [INF] Hosting environment: Development
2023-01-18 11:53:33.492 +11:00 [INF] Content root path: C:\temp\GitHubUsersCaptialTransportByJiahuaTong\
2023-01-18 11:54:55.721 +11:00 [INF] Application started. Press Ctrl+C to shut down.
2023-01-18 11:54:55.765 +11:00 [INF] Hosting environment: Development
2023-01-18 11:54:55.767 +11:00 [INF] Content root path: C:\temp\GitHubUsersCaptialTransportByJiahuaTong\
2023-01-18 11:55:48.862 +11:00 [INF] Start processing HTTP request GET "https://api.github.com/users/tony"
2023-01-18 11:55:48.870 +11:00 [INF] Sending HTTP request GET "https://api.github.com/users/tony"
2023-01-18 11:55:49.258 +11:00 [INF] Received HTTP response headers after 371.8782ms - 403
2023-01-18 11:55:49.262 +11:00 [INF] End processing HTTP request after 416.8105ms - 403
2023-01-18 11:56:22.963 +11:00 [INF] Start processing HTTP request GET "https://api.github.com/users/tony"
2023-01-18 11:56:22.964 +11:00 [INF] Sending HTTP request GET "https://api.github.com/users/tony"
2023-01-18 11:56:23.087 +11:00 [INF] Received HTTP response headers after 119.7291ms - 403
2023-01-18 11:56:23.090 +11:00 [INF] End processing HTTP request after 126.8769ms - 403
2023-01-18 11:57:38.262 +11:00 [INF] Application started. Press Ctrl+C to shut down.
2023-01-18 11:57:38.305 +11:00 [INF] Hosting environment: Development
2023-01-18 11:57:38.308 +11:00 [INF] Content root path: C:\temp\GitHubUsersCaptialTransportByJiahuaTong\
2023-01-18 12:03:03.283 +11:00 [INF] Application started. Press Ctrl+C to shut down.
2023-01-18 12:03:03.328 +11:00 [INF] Hosting environment: Development
2023-01-18 12:03:03.331 +11:00 [INF] Content root path: C:\temp\GitHubUsersCaptialTransportByJiahuaTong\
2023-01-18 12:04:34.637 +11:00 [INF] Application started. Press Ctrl+C to shut down.
2023-01-18 12:04:34.711 +11:00 [INF] Hosting environment: Development
2023-01-18 12:04:34.715 +11:00 [INF] Content root path: C:\temp\GitHubUsersCaptialTransportByJiahuaTong\
2023-01-18 12:05:19.343 +11:00 [INF] Application started. Press Ctrl+C to shut down.
2023-01-18 12:05:19.388 +11:00 [INF] Hosting environment: Development
2023-01-18 12:05:19.390 +11:00 [INF] Content root path: C:\temp\GitHubUsersCaptialTransportByJiahuaTong\
2023-01-18 12:05:59.802 +11:00 [INF] Application started. Press Ctrl+C to shut down.
2023-01-18 12:05:59.848 +11:00 [INF] Hosting environment: Development
2023-01-18 12:05:59.851 +11:00 [INF] Content root path: C:\temp\GitHubUsersCaptialTransportByJiahuaTong\
2023-01-18 12:06:57.944 +11:00 [INF] Start processing HTTP request GET "https://api.github.com/users/tony"
2023-01-18 12:06:57.951 +11:00 [INF] Sending HTTP request GET "https://api.github.com/users/tony"
2023-01-18 12:06:58.233 +11:00 [INF] Received HTTP response headers after 271.886ms - 403
2023-01-18 12:06:58.237 +11:00 [INF] End processing HTTP request after 308.1266ms - 403
2023-01-18 12:08:05.492 +11:00 [INF] Start processing HTTP request GET "https://api.github.com/users/tony"
2023-01-18 12:08:05.493 +11:00 [INF] Sending HTTP request GET "https://api.github.com/users/tony"
2023-01-18 12:08:05.684 +11:00 [INF] Received HTTP response headers after 187.283ms - 403
2023-01-18 12:08:05.686 +11:00 [INF] End processing HTTP request after 194.7109ms - 403
2023-01-18 12:11:46.312 +11:00 [INF] Application started. Press Ctrl+C to shut down.
2023-01-18 12:11:46.356 +11:00 [INF] Hosting environment: Development
2023-01-18 12:11:46.359 +11:00 [INF] Content root path: C:\temp\GitHubUsersCaptialTransportByJiahuaTong\
2023-01-18 12:12:23.756 +11:00 [INF] Application started. Press Ctrl+C to shut down.
2023-01-18 12:12:23.804 +11:00 [INF] Hosting environment: Development
2023-01-18 12:12:23.807 +11:00 [INF] Content root path: C:\temp\GitHubUsersCaptialTransportByJiahuaTong\
2023-01-18 12:13:25.897 +11:00 [INF] Start processing HTTP request GET "https://api.github.com/users/tony"
2023-01-18 12:13:25.904 +11:00 [INF] Sending HTTP request GET "https://api.github.com/users/tony"
2023-01-18 12:13:26.480 +11:00 [INF] Received HTTP response headers after 565.3226ms - 200
2023-01-18 12:13:26.483 +11:00 [INF] End processing HTTP request after 600.6327ms - 200
2023-01-18 12:13:43.932 +11:00 [INF] Start processing HTTP request GET "https://api.github.com/users/string"
2023-01-18 12:13:43.934 +11:00 [INF] Sending HTTP request GET "https://api.github.com/users/string"
2023-01-18 12:13:44.209 +11:00 [INF] Received HTTP response headers after 271.2692ms - 200
2023-01-18 12:13:44.212 +11:00 [INF] End processing HTTP request after 279.977ms - 200
2023-01-18 12:13:44.218 +11:00 [INF] Start processing HTTP request GET "https://api.github.com/users/sara"
2023-01-18 12:13:44.222 +11:00 [INF] Sending HTTP request GET "https://api.github.com/users/sara"
2023-01-18 12:13:44.514 +11:00 [INF] Received HTTP response headers after 290.1525ms - 200
2023-01-18 12:13:44.515 +11:00 [INF] End processing HTTP request after 298.6849ms - 200
2023-01-18 12:13:44.517 +11:00 [INF] Start processing HTTP request GET "https://api.github.com/users/dydis"
2023-01-18 12:13:44.518 +11:00 [INF] Sending HTTP request GET "https://api.github.com/users/dydis"
2023-01-18 12:13:44.803 +11:00 [INF] Received HTTP response headers after 282.6345ms - 200
2023-01-18 12:13:44.805 +11:00 [INF] End processing HTTP request after 287.6732ms - 200
2023-01-18 12:19:15.924 +11:00 [INF] Application started. Press Ctrl+C to shut down.
2023-01-18 12:19:15.968 +11:00 [INF] Hosting environment: Development
2023-01-18 12:19:15.971 +11:00 [INF] Content root path: C:\temp\GitHubUsersCaptialTransportByJiahuaTong\
2023-01-18 12:19:50.517 +11:00 [INF] Start processing HTTP request GET "https://api.github.com/users/string"
2023-01-18 12:19:50.524 +11:00 [INF] Sending HTTP request GET "https://api.github.com/users/string"
2023-01-18 12:19:51.076 +11:00 [INF] Received HTTP response headers after 540.7525ms - 200
2023-01-18 12:19:51.080 +11:00 [INF] End processing HTTP request after 581.0188ms - 200
2023-01-18 12:19:51.253 +11:00 [INF] Start processing HTTP request GET "https://api.github.com/users/glad"
2023-01-18 12:19:51.256 +11:00 [INF] Sending HTTP request GET "https://api.github.com/users/glad"
2023-01-18 12:19:51.544 +11:00 [INF] Received HTTP response headers after 286.5542ms - 200
2023-01-18 12:19:51.546 +11:00 [INF] End processing HTTP request after 292.5102ms - 200
2023-01-18 12:19:51.547 +11:00 [INF] Start processing HTTP request GET "https://api.github.com/users/smith"
2023-01-18 12:19:51.549 +11:00 [INF] Sending HTTP request GET "https://api.github.com/users/smith"
2023-01-18 12:19:51.854 +11:00 [INF] Received HTTP response headers after 303.1353ms - 200
2023-01-18 12:19:51.857 +11:00 [INF] End processing HTTP request after 308.6604ms - 200
2023-01-18 12:19:51.858 +11:00 [INF] Start processing HTTP request GET "https://api.github.com/users/lyn"
2023-01-18 12:19:51.860 +11:00 [INF] Sending HTTP request GET "https://api.github.com/users/lyn"
2023-01-18 12:19:52.156 +11:00 [INF] Received HTTP response headers after 293.6417ms - 200
2023-01-18 12:19:52.158 +11:00 [INF] End processing HTTP request after 299.3674ms - 200
2023-01-18 12:24:26.522 +11:00 [INF] Application started. Press Ctrl+C to shut down.
2023-01-18 12:24:26.565 +11:00 [INF] Hosting environment: Development
2023-01-18 12:24:26.567 +11:00 [INF] Content root path: C:\temp\GitHubUsersCaptialTransportByJiahuaTong\
2023-01-18 12:24:43.616 +11:00 [INF] Start processing HTTP request GET "https://api.github.com/users/monalisa octocat"
2023-01-18 12:24:43.623 +11:00 [INF] Sending HTTP request GET "https://api.github.com/users/monalisa octocat"
2023-01-18 12:24:44.147 +11:00 [INF] Received HTTP response headers after 511.1857ms - 404
2023-01-18 12:24:44.151 +11:00 [INF] End processing HTTP request after 550.5473ms - 404
2023-01-18 12:26:44.783 +11:00 [INF] Application started. Press Ctrl+C to shut down.
2023-01-18 12:26:44.831 +11:00 [INF] Hosting environment: Development
2023-01-18 12:26:44.834 +11:00 [INF] Content root path: C:\temp\GitHubUsersCaptialTransportByJiahuaTong\
2023-01-18 12:27:33.447 +11:00 [INF] Start processing HTTP request GET "https://api.github.com/users/monalisa octocat"
2023-01-18 12:27:33.454 +11:00 [INF] Sending HTTP request GET "https://api.github.com/users/monalisa octocat"
2023-01-18 12:27:33.968 +11:00 [INF] Received HTTP response headers after 503.541ms - 404
2023-01-18 12:27:33.972 +11:00 [INF] End processing HTTP request after 539.8262ms - 404
2023-01-18 12:28:20.100 +11:00 [INF] Application started. Press Ctrl+C to shut down.
2023-01-18 12:28:20.144 +11:00 [INF] Hosting environment: Development
2023-01-18 12:28:20.147 +11:00 [INF] Content root path: C:\temp\GitHubUsersCaptialTransportByJiahuaTong\
2023-01-18 12:28:41.157 +11:00 [INF] Start processing HTTP request GET "https://api.github.com/users/monalisa octocat"
2023-01-18 12:28:41.163 +11:00 [INF] Sending HTTP request GET "https://api.github.com/users/monalisa octocat"
2023-01-18 12:28:41.684 +11:00 [INF] Received HTTP response headers after 510.9919ms - 404
2023-01-18 12:28:41.687 +11:00 [INF] End processing HTTP request after 546.2703ms - 404
2023-01-18 12:30:31.239 +11:00 [INF] Application started. Press Ctrl+C to shut down.
2023-01-18 12:30:31.291 +11:00 [INF] Hosting environment: Development
2023-01-18 12:30:31.296 +11:00 [INF] Content root path: C:\temp\GitHubUsersCaptialTransportByJiahuaTong\
2023-01-18 12:31:34.055 +11:00 [INF] Start processing HTTP request GET "https://api.github.com/users/string"
2023-01-18 12:31:34.062 +11:00 [INF] Sending HTTP request GET "https://api.github.com/users/string"
2023-01-18 12:31:34.638 +11:00 [INF] Received HTTP response headers after 563.8964ms - 200
2023-01-18 12:31:34.642 +11:00 [INF] End processing HTTP request after 600.8449ms - 200
2023-01-18 12:31:36.702 +11:00 [INF] Start processing HTTP request GET "https://api.github.com/users/monalisa octocat"
2023-01-18 12:31:36.704 +11:00 [INF] Sending HTTP request GET "https://api.github.com/users/monalisa octocat"
2023-01-18 12:31:36.970 +11:00 [INF] Received HTTP response headers after 263.4981ms - 404
2023-01-18 12:31:36.971 +11:00 [INF] End processing HTTP request after 269.2826ms - 404
2023-01-18 12:31:36.973 +11:00 [INF] UserName:monalisa octocat could not be found by Github API. No user info retrieved.
2023-01-18 12:31:38.510 +11:00 [INF] Start processing HTTP request GET "https://api.github.com/users/sean"
2023-01-18 12:31:38.512 +11:00 [INF] Sending HTTP request GET "https://api.github.com/users/sean"
2023-01-18 12:31:38.803 +11:00 [INF] Received HTTP response headers after 288.7316ms - 200
2023-01-18 12:31:38.805 +11:00 [INF] End processing HTTP request after 294.5979ms - 200
2023-01-18 12:31:42.898 +11:00 [INF] Start processing HTTP request GET "https://api.github.com/users/sam"
2023-01-18 12:31:42.899 +11:00 [INF] Sending HTTP request GET "https://api.github.com/users/sam"
2023-01-18 12:31:43.189 +11:00 [INF] Received HTTP response headers after 287.752ms - 200
2023-01-18 12:31:43.190 +11:00 [INF] End processing HTTP request after 293.1116ms - 200
2023-01-18 12:31:49.866 +11:00 [INF] Start processing HTTP request GET "https://api.github.com/users/mike"
2023-01-18 12:31:49.868 +11:00 [INF] Sending HTTP request GET "https://api.github.com/users/mike"
2023-01-18 12:31:50.154 +11:00 [INF] Received HTTP response headers after 283.7944ms - 200
2023-01-18 12:31:50.156 +11:00 [INF] End processing HTTP request after 289.3085ms - 200
2023-01-18 12:35:02.112 +11:00 [INF] Application started. Press Ctrl+C to shut down.
2023-01-18 12:35:02.162 +11:00 [INF] Hosting environment: Development
2023-01-18 12:35:02.165 +11:00 [INF] Content root path: C:\temp\GitHubUsersCaptialTransportByJiahuaTong\
2023-01-18 12:36:13.138 +11:00 [INF] Start processing HTTP request GET "https://api.github.com/users/string"
2023-01-18 12:36:13.144 +11:00 [INF] Sending HTTP request GET "https://api.github.com/users/string"
2023-01-18 12:36:14.079 +11:00 [INF] Received HTTP response headers after 923.5409ms - 200
2023-01-18 12:36:14.082 +11:00 [INF] End processing HTTP request after 959.0125ms - 200
2023-01-18 12:38:21.691 +11:00 [INF] Application started. Press Ctrl+C to shut down.
2023-01-18 12:38:21.741 +11:00 [INF] Hosting environment: Development
2023-01-18 12:38:21.743 +11:00 [INF] Content root path: C:\temp\GitHubUsersCaptialTransportByJiahuaTong\
2023-01-18 12:39:16.026 +11:00 [INF] Start processing HTTP request GET "https://api.github.com/users/string"
2023-01-18 12:39:16.034 +11:00 [INF] Sending HTTP request GET "https://api.github.com/users/string"
2023-01-18 12:39:16.571 +11:00 [INF] Received HTTP response headers after 525.9256ms - 200
2023-01-18 12:39:16.575 +11:00 [INF] End processing HTTP request after 562.9491ms - 200
2023-01-18 12:39:18.485 +11:00 [INF] Start processing HTTP request GET "https://api.github.com/users/jack"
2023-01-18 12:39:18.487 +11:00 [INF] Sending HTTP request GET "https://api.github.com/users/jack"
2023-01-18 12:39:18.780 +11:00 [INF] Received HTTP response headers after 290.7753ms - 200
2023-01-18 12:39:18.782 +11:00 [INF] End processing HTTP request after 296.7985ms - 200
2023-01-18 12:39:19.801 +11:00 [INF] Start processing HTTP request GET "https://api.github.com/users/jean"
2023-01-18 12:39:19.803 +11:00 [INF] Sending HTTP request GET "https://api.github.com/users/jean"
2023-01-18 12:39:20.098 +11:00 [INF] Received HTTP response headers after 293.2526ms - 200
2023-01-18 12:39:20.100 +11:00 [INF] End processing HTTP request after 298.7203ms - 200
2023-01-18 12:39:21.034 +11:00 [INF] Start processing HTTP request GET "https://api.github.com/users/monalisa octocat"
2023-01-18 12:39:21.036 +11:00 [INF] Sending HTTP request GET "https://api.github.com/users/monalisa octocat"
2023-01-18 12:39:21.297 +11:00 [INF] Received HTTP response headers after 259.2184ms - 404
2023-01-18 12:39:21.299 +11:00 [INF] End processing HTTP request after 264.5182ms - 404
2023-01-18 12:39:21.301 +11:00 [INF] UserName:monalisa octocat could not be found by Github API. No user info retrieved.
2023-01-18 12:39:22.262 +11:00 [INF] Start processing HTTP request GET "https://api.github.com/users/mike"
2023-01-18 12:39:22.264 +11:00 [INF] Sending HTTP request GET "https://api.github.com/users/mike"
2023-01-18 12:39:22.564 +11:00 [INF] Received HTTP response headers after 296.1342ms - 200
2023-01-18 12:39:22.566 +11:00 [INF] End processing HTTP request after 304.2918ms - 200
2023-01-18 12:39:23.420 +11:00 [INF] Start processing HTTP request GET "https://api.github.com/users/rick"
2023-01-18 12:39:23.422 +11:00 [INF] Sending HTTP request GET "https://api.github.com/users/rick"
2023-01-18 12:39:23.703 +11:00 [INF] Received HTTP response headers after 278.0962ms - 200
2023-01-18 12:39:23.705 +11:00 [INF] End processing HTTP request after 284.4827ms - 200
2023-01-18 13:16:17.212 +11:00 [INF] Application started. Press Ctrl+C to shut down.
2023-01-18 13:16:17.277 +11:00 [INF] Hosting environment: Development
2023-01-18 13:16:17.279 +11:00 [INF] Content root path: C:\temp\GitHubUsersCaptialTransportByJiahuaTong\
2023-01-18 13:19:02.065 +11:00 [INF] Start processing HTTP request GET "https://api.github.com/users/string"
2023-01-18 13:19:02.074 +11:00 [INF] Sending HTTP request GET "https://api.github.com/users/string"
2023-01-18 13:19:02.702 +11:00 [INF] Received HTTP response headers after 614.2672ms - 200
2023-01-18 13:19:02.706 +11:00 [INF] End processing HTTP request after 660.0902ms - 200
2023-01-18 13:19:03.057 +11:00 [INF] Start processing HTTP request GET "https://api.github.com/users/mike"
2023-01-18 13:19:03.061 +11:00 [INF] Sending HTTP request GET "https://api.github.com/users/mike"
2023-01-18 13:19:03.367 +11:00 [INF] Received HTTP response headers after 304.594ms - 200
2023-01-18 13:19:03.369 +11:00 [INF] End processing HTTP request after 313.4638ms - 200
2023-01-18 13:19:03.373 +11:00 [INF] Start processing HTTP request GET "https://api.github.com/users/moon"
2023-01-18 13:19:03.375 +11:00 [INF] Sending HTTP request GET "https://api.github.com/users/moon"
2023-01-18 13:19:03.661 +11:00 [INF] Received HTTP response headers after 282.767ms - 200
2023-01-18 13:19:03.664 +11:00 [INF] End processing HTTP request after 290.7049ms - 200
2023-01-18 13:19:03.667 +11:00 [INF] Start processing HTTP request GET "https://api.github.com/users/line"
2023-01-18 13:19:03.669 +11:00 [INF] Sending HTTP request GET "https://api.github.com/users/line"
2023-01-18 13:19:03.959 +11:00 [INF] Received HTTP response headers after 285.9138ms - 200
2023-01-18 13:19:03.961 +11:00 [INF] End processing HTTP request after 294.6333ms - 200
2023-01-18 13:19:21.566 +11:00 [INF] Start processing HTTP request GET "https://api.github.com/users/string"
2023-01-18 13:19:21.568 +11:00 [INF] Sending HTTP request GET "https://api.github.com/users/string"
2023-01-18 13:19:21.901 +11:00 [INF] Received HTTP response headers after 329.972ms - 200
2023-01-18 13:19:21.902 +11:00 [INF] End processing HTTP request after 337.5403ms - 200
2023-01-18 13:19:21.904 +11:00 [INF] Start processing HTTP request GET "https://api.github.com/users/mike"
2023-01-18 13:19:21.905 +11:00 [INF] Sending HTTP request GET "https://api.github.com/users/mike"
2023-01-18 13:19:22.188 +11:00 [INF] Received HTTP response headers after 281.2065ms - 200
2023-01-18 13:19:22.190 +11:00 [INF] End processing HTTP request after 286.1151ms - 200
2023-01-18 13:19:22.192 +11:00 [INF] Start processing HTTP request GET "https://api.github.com/users/moon"
2023-01-18 13:19:22.193 +11:00 [INF] Sending HTTP request GET "https://api.github.com/users/moon"
2023-01-18 13:19:22.529 +11:00 [INF] Received HTTP response headers after 331.4405ms - 200
2023-01-18 13:19:22.531 +11:00 [INF] End processing HTTP request after 338.4667ms - 200
2023-01-18 13:19:22.534 +11:00 [INF] Start processing HTTP request GET "https://api.github.com/users/line"
2023-01-18 13:19:22.535 +11:00 [INF] Sending HTTP request GET "https://api.github.com/users/line"
2023-01-18 13:19:22.822 +11:00 [INF] Received HTTP response headers after 285.4137ms - 200
2023-01-18 13:19:22.824 +11:00 [INF] End processing HTTP request after 290.6242ms - 200
