2023-07-16 13:04:13.743 +10:00 [INF] Application started. Press Ctrl+C to shut down.
2023-07-16 13:04:13.945 +10:00 [INF] Hosting environment: Development
2023-07-16 13:04:13.955 +10:00 [INF] Content root path: C:\temp\GitHubUsersInfoDemoByJiahuaTong\
2023-07-16 13:06:47.978 +10:00 [INF] Application started. Press Ctrl+C to shut down.
2023-07-16 13:06:48.160 +10:00 [INF] Hosting environment: Development
2023-07-16 13:06:48.171 +10:00 [INF] Content root path: C:\temp\GitHubUsersInfoDemoByJiahuaTong\
2023-07-16 13:07:54.929 +10:00 [INF] Application started. Press Ctrl+C to shut down.
2023-07-16 13:07:55.130 +10:00 [INF] Hosting environment: Development
2023-07-16 13:07:55.139 +10:00 [INF] Content root path: C:\temp\GitHubUsersInfoDemoByJiahuaTong\
2023-07-16 14:44:29.214 +10:00 [INF] Application started. Press Ctrl+C to shut down.
2023-07-16 14:44:29.303 +10:00 [INF] Hosting environment: Development
2023-07-16 14:44:29.306 +10:00 [INF] Content root path: C:\temp\GitHubUsersInfoDemoByJiahuaTong\
2023-07-16 14:47:03.559 +10:00 [INF] Application started. Press Ctrl+C to shut down.
2023-07-16 14:47:03.652 +10:00 [INF] Hosting environment: Development
2023-07-16 14:47:03.657 +10:00 [INF] Content root path: C:\temp\GitHubUsersInfoDemoByJiahuaTong\
2023-07-16 14:50:37.163 +10:00 [INF] Application started. Press Ctrl+C to shut down.
2023-07-16 14:50:37.246 +10:00 [INF] Hosting environment: Development
2023-07-16 14:50:37.250 +10:00 [INF] Content root path: C:\temp\GitHubUsersInfoDemoByJiahuaTong\
2023-07-16 14:51:10.232 +10:00 [INF] Start processing HTTP request GET "https://api.github.com/users/Mike"
2023-07-16 14:51:10.242 +10:00 [INF] Sending HTTP request GET "https://api.github.com/users/Mike"
2023-07-16 14:51:11.002 +10:00 [INF] Received HTTP response headers after 734.8844ms - 200
2023-07-16 14:51:11.011 +10:00 [INF] End processing HTTP request after 795.853ms - 200
2023-07-16 15:20:27.273 +10:00 [INF] Application started. Press Ctrl+C to shut down.
2023-07-16 15:20:27.342 +10:00 [INF] Hosting environment: Development
2023-07-16 15:20:27.346 +10:00 [INF] Content root path: C:\temp\GitHubUsersInfoDemoByJiahuaTong\
2023-07-16 15:20:40.990 +10:00 [INF] Start processing HTTP request GET "https://api.github.com/users/mike"
2023-07-16 15:20:41.010 +10:00 [INF] Sending HTTP request GET "https://api.github.com/users/mike"
2023-07-16 15:20:41.795 +10:00 [INF] Received HTTP response headers after 757.4554ms - 200
2023-07-16 15:20:41.804 +10:00 [INF] End processing HTTP request after 860.7872ms - 200
2023-07-16 15:33:31.057 +10:00 [INF] Application started. Press Ctrl+C to shut down.
2023-07-16 15:33:31.122 +10:00 [INF] Hosting environment: Development
2023-07-16 15:33:31.127 +10:00 [INF] Content root path: C:\temp\GitHubUsersInfoDemoByJiahuaTong\
2023-07-16 15:33:56.906 +10:00 [INF] Start processing HTTP request GET "https://api.github.com/users/Jason"
2023-07-16 15:33:56.925 +10:00 [INF] Sending HTTP request GET "https://api.github.com/users/Jason"
2023-07-16 15:33:57.715 +10:00 [INF] Received HTTP response headers after 758.94ms - 200
2023-07-16 15:33:57.724 +10:00 [INF] End processing HTTP request after 867.2559ms - 200
2023-07-16 15:33:58.266 +10:00 [INF] Start processing HTTP request GET "https://api.github.com/users/Mike"
2023-07-16 15:33:58.270 +10:00 [INF] Sending HTTP request GET "https://api.github.com/users/Mike"
2023-07-16 15:33:58.575 +10:00 [INF] Received HTTP response headers after 300.4597ms - 200
2023-07-16 15:33:58.580 +10:00 [INF] End processing HTTP request after 312.6044ms - 200
2023-07-16 15:34:56.098 +10:00 [INF] Application started. Press Ctrl+C to shut down.
2023-07-16 15:34:56.177 +10:00 [INF] Hosting environment: Development
2023-07-16 15:34:56.182 +10:00 [INF] Content root path: C:\temp\GitHubUsersInfoDemoByJiahuaTong\
2023-07-16 15:35:45.633 +10:00 [INF] Start processing HTTP request GET "https://api.github.com/users/Jason"
2023-07-16 15:35:45.655 +10:00 [INF] Sending HTTP request GET "https://api.github.com/users/Jason"
2023-07-16 15:35:46.465 +10:00 [INF] Received HTTP response headers after 782.2124ms - 200
2023-07-16 15:35:46.477 +10:00 [INF] End processing HTTP request after 877.0689ms - 200
2023-07-16 15:35:46.861 +10:00 [INF] Start processing HTTP request GET "https://api.github.com/users/Mike"
2023-07-16 15:35:46.866 +10:00 [INF] Sending HTTP request GET "https://api.github.com/users/Mike"
2023-07-16 15:35:47.160 +10:00 [INF] Received HTTP response headers after 291.0949ms - 200
2023-07-16 15:35:47.164 +10:00 [INF] End processing HTTP request after 303.6528ms - 200
2023-07-16 15:45:03.235 +10:00 [INF] Application started. Press Ctrl+C to shut down.
2023-07-16 15:45:03.303 +10:00 [INF] Hosting environment: Development
2023-07-16 15:45:03.308 +10:00 [INF] Content root path: C:\temp\GitHubUsersInfoDemoByJiahuaTong\
2023-07-16 15:53:16.893 +10:00 [INF] Application started. Press Ctrl+C to shut down.
2023-07-16 15:53:16.952 +10:00 [INF] Hosting environment: Development
2023-07-16 15:53:16.956 +10:00 [INF] Content root path: C:\temp\GitHubUsersInfoDemoByJiahuaTong\
2023-07-16 15:53:31.079 +10:00 [INF] Application started. Press Ctrl+C to shut down.
2023-07-16 15:53:31.131 +10:00 [INF] Hosting environment: Development
2023-07-16 15:53:31.136 +10:00 [INF] Content root path: C:\temp\GitHubUsersInfoDemoByJiahuaTong\
2023-07-16 15:53:44.844 +10:00 [INF] Start processing HTTP request GET "https://api.github.com/users/Mike"
2023-07-16 15:53:44.853 +10:00 [INF] Sending HTTP request GET "https://api.github.com/users/Mike"
2023-07-16 15:53:45.588 +10:00 [INF] Received HTTP response headers after 701.5262ms - 200
2023-07-16 15:53:45.597 +10:00 [INF] End processing HTTP request after 776.5909ms - 200
2023-07-16 16:01:27.154 +10:00 [INF] Application started. Press Ctrl+C to shut down.
2023-07-16 16:01:27.215 +10:00 [INF] Hosting environment: Development
2023-07-16 16:01:27.221 +10:00 [INF] Content root path: C:\temp\GitHubUsersInfoDemoByJiahuaTong\
2023-07-16 16:01:50.291 +10:00 [INF] Start processing HTTP request GET "https://api.github.com/users/Carr"
2023-07-16 16:01:50.306 +10:00 [INF] Sending HTTP request GET "https://api.github.com/users/Carr"
2023-07-16 16:01:51.197 +10:00 [INF] Received HTTP response headers after 872.3972ms - 200
2023-07-16 16:01:51.203 +10:00 [INF] End processing HTTP request after 950.6072ms - 200
2023-07-16 16:01:51.561 +10:00 [INF] Start processing HTTP request GET "https://api.github.com/users/Zhu"
2023-07-16 16:01:51.565 +10:00 [INF] Sending HTTP request GET "https://api.github.com/users/Zhu"
2023-07-16 16:01:51.859 +10:00 [INF] Received HTTP response headers after 289.6996ms - 200
2023-07-16 16:01:51.863 +10:00 [INF] End processing HTTP request after 302.6755ms - 200
2023-07-16 16:49:30.494 +10:00 [INF] Application started. Press Ctrl+C to shut down.
2023-07-16 16:49:30.579 +10:00 [INF] Hosting environment: Development
2023-07-16 16:49:30.584 +10:00 [INF] Content root path: C:\temp\GitHubUsersInfoDemoByJiahuaTong\
2023-07-16 16:49:55.796 +10:00 [INF] Start processing HTTP request GET "https://api.github.com/users/carr"
2023-07-16 16:49:55.821 +10:00 [INF] Sending HTTP request GET "https://api.github.com/users/carr"
2023-07-16 16:50:49.197 +10:00 [INF] Start processing HTTP request GET "https://api.github.com/users/carr"
2023-07-16 16:50:49.208 +10:00 [INF] Sending HTTP request GET "https://api.github.com/users/carr"
2023-07-16 16:50:50.264 +10:00 [INF] Received HTTP response headers after 1016.2478ms - 200
2023-07-16 16:50:50.272 +10:00 [INF] End processing HTTP request after 1081.9164ms - 200
2023-07-16 16:51:41.908 +10:00 [INF] Application started. Press Ctrl+C to shut down.
2023-07-16 16:51:41.995 +10:00 [INF] Hosting environment: Development
2023-07-16 16:51:42.000 +10:00 [INF] Content root path: C:\temp\GitHubUsersInfoDemoByJiahuaTong\
2023-07-16 20:55:30.146 +10:00 [INF] Application started. Press Ctrl+C to shut down.
2023-07-16 20:55:30.247 +10:00 [INF] Hosting environment: Development
2023-07-16 20:55:30.253 +10:00 [INF] Content root path: C:\temp\GitHubUsersInfoDemoByJiahuaTong\
